<?xml version="1.0" encoding="UTF-8"?>
<!-- Generated by org.testng.reporters.JUnitReportReporter -->
<testsuite skipped="0" hostname="Farhan" name="qaclickacademy.SeleniumTest" tests="2" failures="0" timestamp="2018-11-22T10:04:46 IST" time="14.391" errors="0">
  <testcase name="ElelmentsUI" time="0.001" classname="qaclickacademy.SeleniumTest"/>
  <testcase name="BrowserAutomation" time="14.390" classname="qaclickacademy.SeleniumTest"/>
</testsuite> <!-- qaclickacademy.SeleniumTest -->
