<?xml version="1.0" encoding="UTF-8"?>
<!-- Generated by org.testng.reporters.JUnitReportReporter -->
<testsuite skipped="0" hostname="Farhan" name="qaclickacademy.RESRAPITest" tests="2" failures="0" timestamp="2018-11-22T10:04:46 IST" time="0.000" errors="0">
  <testcase name="PostJIRA" time="0.000" classname="qaclickacademy.RESRAPITest"/>
  <testcase name="deleteTwitter" time="0.000" classname="qaclickacademy.RESRAPITest"/>
</testsuite> <!-- qaclickacademy.RESRAPITest -->
